build/app/intermediates/manifest_merge_blame_file/debug/manifest-merger-blame-debug-report.txt
1<?xml version="1.0" encoding="utf-8"?>
2<manifest xmlns:android="http://schemas.android.com/apk/res/android"
3    package="com.express.mr_food_flutter"
4    android:versionCode="50"
5    android:versionName="5.0" >
6
7    <uses-sdk
8        android:minSdkVersion="16"
9        android:targetSdkVersion="28" />
10    <!--
11         Flutter needs it to communicate with the running application
12         to allow setting breakpoints, to provide hot reload, etc.
13    -->
14    <uses-permission android:name="android.permission.INTERNET" />
14-->src/debug/AndroidManifest.xml:6:5-66
14-->src/debug/AndroidManifest.xml:6:22-64
15    <!-- Although the *SdkVersion is captured in gradle build files, this is required for non gradle builds -->
16    <!-- <uses-sdk android:minSdkVersion="14" /> -->
17    <uses-permission android:name="android.permission.ACCESS_NETWORK_STATE" />
17-->[com.google.firebase:firebase-firestore:18.2.0] AndroidManifest.xml:13:5-79
17-->[com.google.firebase:firebase-firestore:18.2.0] AndroidManifest.xml:13:22-76
18    <uses-permission android:name="android.permission.WAKE_LOCK" />
18-->[com.google.firebase:firebase-measurement-connector-impl:17.0.2] AndroidManifest.xml:24:5-68
18-->[com.google.firebase:firebase-measurement-connector-impl:17.0.2] AndroidManifest.xml:24:22-65
19    <uses-permission android:name="com.google.android.finsky.permission.BIND_GET_INSTALL_REFERRER_SERVICE" /> <!-- Required by older versions of Google Play services to create IID tokens -->
19-->[com.google.firebase:firebase-analytics:16.0.4] AndroidManifest.xml:26:5-110
19-->[com.google.firebase:firebase-analytics:16.0.4] AndroidManifest.xml:26:22-107
20    <uses-permission android:name="com.google.android.c2dm.permission.RECEIVE" />
20-->[com.google.firebase:firebase-iid:17.0.3] AndroidManifest.xml:26:5-82
20-->[com.google.firebase:firebase-iid:17.0.3] AndroidManifest.xml:26:22-79
21    <!--
22 io.flutter.app.FlutterApplication is an android.app.Application that
23         calls FlutterMain.startInitialization(this); in its onCreate method.
24         In most cases you can leave this as-is, but you if you want to provide
25         additional functionality it is fine to subclass or reimplement
26         FlutterApplication and put your custom class here.
27    -->
28    <application
28-->src/main/AndroidManifest.xml:8:5-46:19
29        android:name="io.flutter.app.FlutterApplication"
29-->src/main/AndroidManifest.xml:9:9-57
30        android:appComponentFactory="androidx.core.app.CoreComponentFactory"
30-->[androidx.core:core:1.1.0] AndroidManifest.xml:24:18-86
31        android:debuggable="true"
32        android:icon="@mipmap/launcher_icon"
32-->src/main/AndroidManifest.xml:11:9-45
33        android:label="MR. Food Express" >
33-->src/main/AndroidManifest.xml:10:9-41
34        <activity
34-->src/main/AndroidManifest.xml:12:9-40:20
35            android:name="com.express.mr_food_flutter.MainActivity"
35-->src/main/AndroidManifest.xml:13:13-41
36            android:configChanges="orientation|keyboardHidden|keyboard|screenSize|smallestScreenSize|locale|layoutDirection|fontScale|screenLayout|density|uiMode"
36-->src/main/AndroidManifest.xml:16:13-163
37            android:hardwareAccelerated="true"
37-->src/main/AndroidManifest.xml:17:13-47
38            android:launchMode="singleTop"
38-->src/main/AndroidManifest.xml:14:13-43
39            android:theme="@style/LaunchTheme"
39-->src/main/AndroidManifest.xml:15:13-47
40            android:windowSoftInputMode="adjustResize" >
40-->src/main/AndroidManifest.xml:18:13-55
41
42            <!--
43                 Specifies an Android theme to apply to this Activity as soon as
44                 the Android process has started. This theme is visible to the user
45                 while the Flutter UI initializes. After that, this theme continues
46                 to determine the Window background behind the Flutter UI.
47            -->
48            <meta-data
48-->src/main/AndroidManifest.xml:23:13-26:17
49                android:name="io.flutter.embedding.android.NormalTheme"
49-->src/main/AndroidManifest.xml:24:15-70
50                android:resource="@style/NormalTheme" />
50-->src/main/AndroidManifest.xml:25:15-52
51            <!--
52                 Displays an Android View that continues showing the launch screen
53                 Drawable until Flutter paints its first frame, then this splash
54                 screen fades out. A splash screen is useful to avoid any visual
55                 gap between the end of Android's launch screen and the painting of
56                 Flutter's first frame.
57            -->
58            <meta-data
58-->src/main/AndroidManifest.xml:32:13-35:17
59                android:name="io.flutter.embedding.android.SplashScreenDrawable"
59-->src/main/AndroidManifest.xml:33:15-79
60                android:resource="@drawable/launch_background" />
60-->src/main/AndroidManifest.xml:34:15-61
61
62            <intent-filter>
62-->src/main/AndroidManifest.xml:36:13-39:29
63                <action android:name="android.intent.action.MAIN" />
63-->src/main/AndroidManifest.xml:37:17-68
63-->src/main/AndroidManifest.xml:37:25-66
64
65                <category android:name="android.intent.category.LAUNCHER" />
65-->src/main/AndroidManifest.xml:38:17-76
65-->src/main/AndroidManifest.xml:38:27-74
66            </intent-filter>
67        </activity>
68        <!--
69             Don't delete the meta-data below.
70             This is used by the Flutter tool to generate GeneratedPluginRegistrant.java
71        -->
72        <meta-data
72-->src/main/AndroidManifest.xml:43:9-45:33
73            android:name="flutterEmbedding"
73-->src/main/AndroidManifest.xml:44:13-44
74            android:value="2" />
74-->src/main/AndroidManifest.xml:45:13-30
75
76        <activity
76-->[com.google.firebase:firebase-auth:19.1.0] AndroidManifest.xml:24:9-31:50
77            android:name="com.google.firebase.auth.internal.FederatedSignInActivity"
77-->[com.google.firebase:firebase-auth:19.1.0] AndroidManifest.xml:25:13-85
78            android:excludeFromRecents="true"
78-->[com.google.firebase:firebase-auth:19.1.0] AndroidManifest.xml:26:13-46
79            android:exported="true"
79-->[com.google.firebase:firebase-auth:19.1.0] AndroidManifest.xml:27:13-36
80            android:launchMode="singleTask"
80-->[com.google.firebase:firebase-auth:19.1.0] AndroidManifest.xml:28:13-44
81            android:permission="com.google.firebase.auth.api.gms.permission.LAUNCH_FEDERATED_SIGN_IN"
81-->[com.google.firebase:firebase-auth:19.1.0] AndroidManifest.xml:29:13-102
82            android:theme="@android:style/Theme.Translucent.NoTitleBar" />
82-->[com.google.firebase:firebase-auth:19.1.0] AndroidManifest.xml:30:13-72
83
84        <service
84-->[com.google.firebase:firebase-auth:19.1.0] AndroidManifest.xml:33:9-39:19
85            android:name="com.google.firebase.components.ComponentDiscoveryService"
85-->[com.google.firebase:firebase-auth:19.1.0] AndroidManifest.xml:34:13-84
86            android:exported="false" >
86-->[com.google.firebase:firebase-auth:19.1.0] AndroidManifest.xml:35:13-37
87            <meta-data
87-->[com.google.firebase:firebase-auth:19.1.0] AndroidManifest.xml:36:13-38:85
88                android:name="com.google.firebase.components:com.google.firebase.auth.FirebaseAuthRegistrar"
88-->[com.google.firebase:firebase-auth:19.1.0] AndroidManifest.xml:37:17-109
89                android:value="com.google.firebase.components.ComponentRegistrar" />
89-->[com.google.firebase:firebase-auth:19.1.0] AndroidManifest.xml:38:17-82
90            <meta-data
90-->[com.google.firebase:firebase-firestore:18.2.0] AndroidManifest.xml:18:13-20:85
91                android:name="com.google.firebase.components:com.google.firebase.firestore.FirestoreRegistrar"
91-->[com.google.firebase:firebase-firestore:18.2.0] AndroidManifest.xml:19:17-111
92                android:value="com.google.firebase.components.ComponentRegistrar" />
92-->[com.google.firebase:firebase-firestore:18.2.0] AndroidManifest.xml:20:17-82
93            <meta-data
93-->[com.google.firebase:firebase-measurement-connector-impl:17.0.2] AndroidManifest.xml:28:13-30:85
94                android:name="com.google.firebase.components:com.google.firebase.analytics.connector.internal.AnalyticsConnectorRegistrar"
94-->[com.google.firebase:firebase-measurement-connector-impl:17.0.2] AndroidManifest.xml:29:17-139
95                android:value="com.google.firebase.components.ComponentRegistrar" />
95-->[com.google.firebase:firebase-measurement-connector-impl:17.0.2] AndroidManifest.xml:30:17-82
96            <meta-data
96-->[com.google.firebase:firebase-iid:17.0.3] AndroidManifest.xml:32:13-34:85
97                android:name="com.google.firebase.components:com.google.firebase.iid.Registrar"
97-->[com.google.firebase:firebase-iid:17.0.3] AndroidManifest.xml:33:17-96
98                android:value="com.google.firebase.components.ComponentRegistrar" />
98-->[com.google.firebase:firebase-iid:17.0.3] AndroidManifest.xml:34:17-82
99        </service>
100
101        <activity
101-->[com.google.android.gms:play-services-auth:17.0.0] AndroidManifest.xml:23:9-27:75
102            android:name="com.google.android.gms.auth.api.signin.internal.SignInHubActivity"
102-->[com.google.android.gms:play-services-auth:17.0.0] AndroidManifest.xml:24:13-93
103            android:excludeFromRecents="true"
103-->[com.google.android.gms:play-services-auth:17.0.0] AndroidManifest.xml:25:13-46
104            android:exported="false"
104-->[com.google.android.gms:play-services-auth:17.0.0] AndroidManifest.xml:26:13-37
105            android:theme="@android:style/Theme.Translucent.NoTitleBar" />
105-->[com.google.android.gms:play-services-auth:17.0.0] AndroidManifest.xml:27:13-72
106        <!--
107            Service handling Google Sign-In user revocation. For apps that do not integrate with
108            Google Sign-In, this service will never be started.
109        -->
110        <service
110-->[com.google.android.gms:play-services-auth:17.0.0] AndroidManifest.xml:33:9-36:110
111            android:name="com.google.android.gms.auth.api.signin.RevocationBoundService"
111-->[com.google.android.gms:play-services-auth:17.0.0] AndroidManifest.xml:34:13-89
112            android:exported="true"
112-->[com.google.android.gms:play-services-auth:17.0.0] AndroidManifest.xml:35:13-36
113            android:permission="com.google.android.gms.auth.api.signin.permission.REVOCATION_NOTIFICATION" />
113-->[com.google.android.gms:play-services-auth:17.0.0] AndroidManifest.xml:36:13-107
114
115        <receiver
115-->[com.google.firebase:firebase-analytics:16.0.4] AndroidManifest.xml:29:9-33:20
116            android:name="com.google.android.gms.measurement.AppMeasurementReceiver"
116-->[com.google.firebase:firebase-analytics:16.0.4] AndroidManifest.xml:30:13-85
117            android:enabled="true"
117-->[com.google.firebase:firebase-analytics:16.0.4] AndroidManifest.xml:31:13-35
118            android:exported="false" >
118-->[com.google.firebase:firebase-analytics:16.0.4] AndroidManifest.xml:32:13-37
119        </receiver>
120        <receiver
120-->[com.google.firebase:firebase-analytics:16.0.4] AndroidManifest.xml:34:9-42:20
121            android:name="com.google.android.gms.measurement.AppMeasurementInstallReferrerReceiver"
121-->[com.google.firebase:firebase-analytics:16.0.4] AndroidManifest.xml:35:13-100
122            android:enabled="true"
122-->[com.google.firebase:firebase-analytics:16.0.4] AndroidManifest.xml:36:13-35
123            android:exported="true"
123-->[com.google.firebase:firebase-analytics:16.0.4] AndroidManifest.xml:37:13-36
124            android:permission="android.permission.INSTALL_PACKAGES" >
124-->[com.google.firebase:firebase-analytics:16.0.4] AndroidManifest.xml:38:13-69
125            <intent-filter>
125-->[com.google.firebase:firebase-analytics:16.0.4] AndroidManifest.xml:39:13-41:29
126                <action android:name="com.android.vending.INSTALL_REFERRER" />
126-->[com.google.firebase:firebase-analytics:16.0.4] AndroidManifest.xml:40:17-79
126-->[com.google.firebase:firebase-analytics:16.0.4] AndroidManifest.xml:40:25-76
127            </intent-filter>
128        </receiver>
129
130        <service
130-->[com.google.firebase:firebase-analytics:16.0.4] AndroidManifest.xml:44:9-47:40
131            android:name="com.google.android.gms.measurement.AppMeasurementService"
131-->[com.google.firebase:firebase-analytics:16.0.4] AndroidManifest.xml:45:13-84
132            android:enabled="true"
132-->[com.google.firebase:firebase-analytics:16.0.4] AndroidManifest.xml:46:13-35
133            android:exported="false" />
133-->[com.google.firebase:firebase-analytics:16.0.4] AndroidManifest.xml:47:13-37
134        <service
134-->[com.google.firebase:firebase-analytics:16.0.4] AndroidManifest.xml:48:9-52:72
135            android:name="com.google.android.gms.measurement.AppMeasurementJobService"
135-->[com.google.firebase:firebase-analytics:16.0.4] AndroidManifest.xml:49:13-87
136            android:enabled="true"
136-->[com.google.firebase:firebase-analytics:16.0.4] AndroidManifest.xml:50:13-35
137            android:exported="false"
137-->[com.google.firebase:firebase-analytics:16.0.4] AndroidManifest.xml:51:13-37
138            android:permission="android.permission.BIND_JOB_SERVICE" />
138-->[com.google.firebase:firebase-analytics:16.0.4] AndroidManifest.xml:52:13-69
139
140        <receiver
140-->[com.google.firebase:firebase-iid:17.0.3] AndroidManifest.xml:37:9-44:20
141            android:name="com.google.firebase.iid.FirebaseInstanceIdReceiver"
141-->[com.google.firebase:firebase-iid:17.0.3] AndroidManifest.xml:38:13-78
142            android:exported="true"
142-->[com.google.firebase:firebase-iid:17.0.3] AndroidManifest.xml:39:13-36
143            android:permission="com.google.android.c2dm.permission.SEND" >
143-->[com.google.firebase:firebase-iid:17.0.3] AndroidManifest.xml:40:13-73
144            <intent-filter>
144-->[com.google.firebase:firebase-iid:17.0.3] AndroidManifest.xml:41:13-43:29
145                <action android:name="com.google.android.c2dm.intent.RECEIVE" />
145-->[com.google.firebase:firebase-iid:17.0.3] AndroidManifest.xml:42:17-81
145-->[com.google.firebase:firebase-iid:17.0.3] AndroidManifest.xml:42:25-78
146            </intent-filter>
147        </receiver>
148        <!--
149             FirebaseInstanceIdService performs security checks at runtime,
150             no need for explicit permissions despite exported="true"
151        -->
152        <service
152-->[com.google.firebase:firebase-iid:17.0.3] AndroidManifest.xml:50:9-56:19
153            android:name="com.google.firebase.iid.FirebaseInstanceIdService"
153-->[com.google.firebase:firebase-iid:17.0.3] AndroidManifest.xml:51:13-77
154            android:exported="true" >
154-->[com.google.firebase:firebase-iid:17.0.3] AndroidManifest.xml:52:13-36
155            <intent-filter android:priority="-500" >
155-->[com.google.firebase:firebase-iid:17.0.3] AndroidManifest.xml:53:13-55:29
155-->[com.google.firebase:firebase-iid:17.0.3] AndroidManifest.xml:53:28-51
156                <action android:name="com.google.firebase.INSTANCE_ID_EVENT" />
156-->[com.google.firebase:firebase-iid:17.0.3] AndroidManifest.xml:54:17-80
156-->[com.google.firebase:firebase-iid:17.0.3] AndroidManifest.xml:54:25-77
157            </intent-filter>
158        </service>
159
160        <activity
160-->[com.google.android.gms:play-services-base:17.1.0] AndroidManifest.xml:23:9-26:75
161            android:name="com.google.android.gms.common.api.GoogleApiActivity"
161-->[com.google.android.gms:play-services-base:17.1.0] AndroidManifest.xml:24:13-79
162            android:exported="false"
162-->[com.google.android.gms:play-services-base:17.1.0] AndroidManifest.xml:25:13-37
163            android:theme="@android:style/Theme.Translucent.NoTitleBar" />
163-->[com.google.android.gms:play-services-base:17.1.0] AndroidManifest.xml:26:13-72
164
165        <provider
165-->[com.google.firebase:firebase-common:19.0.0] AndroidManifest.xml:12:9-16:39
166            android:name="com.google.firebase.provider.FirebaseInitProvider"
166-->[com.google.firebase:firebase-common:19.0.0] AndroidManifest.xml:13:13-77
167            android:authorities="com.express.mr_food_flutter.firebaseinitprovider"
167-->[com.google.firebase:firebase-common:19.0.0] AndroidManifest.xml:14:13-72
168            android:exported="false"
168-->[com.google.firebase:firebase-common:19.0.0] AndroidManifest.xml:15:13-37
169            android:initOrder="100" />
169-->[com.google.firebase:firebase-common:19.0.0] AndroidManifest.xml:16:13-36
170
171        <meta-data
171-->[com.google.android.gms:play-services-basement:17.0.0] AndroidManifest.xml:23:9-25:69
172            android:name="com.google.android.gms.version"
172-->[com.google.android.gms:play-services-basement:17.0.0] AndroidManifest.xml:24:13-58
173            android:value="@integer/google_play_services_version" />
173-->[com.google.android.gms:play-services-basement:17.0.0] AndroidManifest.xml:25:13-66
174    </application>
175
176</manifest>